<?xml version="1.0" encoding="UTF-8"?>
<testsuite xmlns:xsi="http://www.w3.org/2001/XMLSchema-instance" xsi:noNamespaceSchemaLocation="https://maven.apache.org/surefire/maven-surefire-plugin/xsd/surefire-test-report-3.0.xsd" version="3.0" name="steps.TestRunner" time="69.238" tests="4" errors="0" skipped="0" failures="0">
  <properties>
[...]
</properties>
  <testcase name="validate that clicking Information icon for the Current Age field displayes expected message" classname="Information Icons present for all fields in the KiwiSaver Retirement Calculator" time="19.375">
    <system-out><![CDATA[
@major
Scenario: validate that clicking Information icon for the Current Age field displayes expected message # src/test/resources/features/KSCalculatorInfoIcons.feature:10
C:\Users\Esther\eclipse-workspace\KSWPCalculator
  Given user is on the Kiwisaver Retirement Calculator                                                 # steps.KSCalculatorInfoIcons.user_is_on_the_Kiwisaver_Retirement_Calculator()
  When user clicks on Information icon besides Current Age field                                       # steps.KSCalculatorInfoIcons.user_clicks_on_Information_icon_besides_Current_Age_field()
  Then expected help message is displayed                                                              # steps.KSCalculatorInfoIcons.expected_help_message_is_displayed()
  When user clicks on Information icon besides Employment status                                       # steps.KSCalculatorInfoIcons.user_clicks_on_Information_icon_besides_Employment_status()
  Then expeceted employment status help text is displayed                                              # steps.KSCalculatorInfoIcons.expeceted_employment_status_help_text_is_displayed()
  When user clicks on Information icon besides Current KiwiSavebalance field                           # steps.KSCalculatorInfoIcons.user_clicks_on_Information_icon_besides_Current_KiwiSavebalance_field()
  Then expecetd kiwisaver balance help text is dispalyed                                               # steps.KSCalculatorInfoIcons.expecetd_kiwisaver_balance_help_text_is_dispalyed()
  When user clicks on Information icon besides voluntary contributions                                 # steps.KSCalculatorInfoIcons.user_clicks_on_Information_icon_besides_voluntary_contributions()
  Then expected volunatry contribution help text is displayed                                          # steps.KSCalculatorInfoIcons.expected_volunatry_contribution_help_text_is_displayed()
  When user clicks on Information icon besides RiskProfile field                                       # steps.KSCalculatorInfoIcons.user_clicks_on_Information_icon_besides_RiskProfile_field()
  Then expected riskProfile help information is displayed                                              # steps.KSCalculatorInfoIcons.expected_riskProfile_help_information_is_displayed()
  When user clicks on Information icon besides savings goal at retirement field                        # steps.KSCalculatorInfoIcons.user_clicks_on_Information_icon_besides_savings_goal_at_retirement_field()
  Then expected savings goal at retirement help text is displayed                                      # steps.KSCalculatorInfoIcons.expected_savings_goal_at_retirement_help_text_is_displayed()
]]></system-out>
    <system-err><![CDATA[Nov 01, 2020 7:33:42 PM io.cucumber.junit.Cucumber <init>
WARNING: By default Cucumber is running in --non-strict mode.
This default will change to --strict and --non-strict will be removed.
You can use --strict or @CucumberOptions(strict = true) to suppress this warning
SLF4J: Failed to load class "org.slf4j.impl.StaticLoggerBinder".
SLF4J: Defaulting to no-operation (NOP) logger implementation
SLF4J: See http://www.slf4j.org/codes.html#StaticLoggerBinder for further details.
Starting ChromeDriver 86.0.4240.22 (398b0743353ff36fb1b82468f63a3a93b4e2e89e-refs/branch-heads/4240@{#378}) on port 40447
Only local connections are allowed.
Please see https://chromedriver.chromium.org/security-considerations for suggestions on keeping ChromeDriver safe.
ChromeDriver was started successfully.
Nov 01, 2020 7:33:51 PM org.openqa.selenium.remote.ProtocolHandshake createSession
INFO: Detected dialect: W3C
]]></system-err>
  </testcase>
  <testcase name="Employed users Projected Balance at age 30" classname="Calculate KiwiSaver projected balance" time="14.187">
    <system-out><![CDATA[
@major
Scenario: Employed users Projected Balance at age 30             # src/test/resources/features/KiwisaverBalance.feature:10
C:\Users\Esther\eclipse-workspace\KSWPCalculator
  Given user is on the Kiwisaver Retirement Calculator page      # steps.KiwisaverBalance.user_is_on_the_Kiwisaver_Retirement_Calculator_page()
  And current age of the user is 30 years                        # steps.KiwisaverBalance.current_age_of_the_user_is_years()

Employed
  And Employment status of the user is Employed                  # steps.KiwisaverBalance.employment_status_of_the_user_is_Employed()
  And user types salary of 82000                                 # steps.KiwisaverBalance.user_types_salary_of()
  And selects 4 percentage Kiwisaver memeber contribution        # steps.KiwisaverBalance.selects_percentage_Kiwisaver_memeber_contribution()
  And chooses a Defensive risk profile                           # steps.KiwisaverBalance.chooses_a_Defensive_risk_profile()
  When user clicks on view your Kiwisaver Retirement Projections # steps.KiwisaverBalance.user_clicks_on_view_your_Kiwisaver_Retirement_Projections()
  Then user can see estimated Kiwisaver balance details          # steps.KiwisaverBalance.user_can_see_estimated_Kiwisaver_balance_details()
]]></system-out>
    <system-err><![CDATA[Starting ChromeDriver 86.0.4240.22 (398b0743353ff36fb1b82468f63a3a93b4e2e89e-refs/branch-heads/4240@{#378}) on port 42380
Only local connections are allowed.
Please see https://chromedriver.chromium.org/security-considerations for suggestions on keeping ChromeDriver safe.
ChromeDriver was started successfully.
Nov 01, 2020 7:34:06 PM org.openqa.selenium.remote.ProtocolHandshake createSession
INFO: Detected dialect: W3C
]]></system-err>
  </testcase>
  <testcase name="kiwiSaver Balance for Non employed users" classname="Calculate KiwiSaver projected balance" time="17.588">
    <system-out><![CDATA[
@major
Scenario: kiwiSaver Balance for Non employed users                       # src/test/resources/features/NonEmployedKiwiSaver.feature:8
C:\Users\Esther\eclipse-workspace\KSWPCalculator
  Given user has navigated to WP KiwiSaver calculator page               # steps.NonEmployedKiwiSaver.user_has_navigated_to_WP_KiwiSaver_calculator_page()
  And current age of user is 55 years                                    # steps.NonEmployedKiwiSaver.current_age_of_user_is_years()

Employed
Self-employed
Not employed
  And Employment status of user is Non-employed                          # steps.NonEmployedKiwiSaver.employment_status_of_user_is_Non_employed()
  And Non-employed current KiwiSaver balance is $140000                  # steps.NonEmployedKiwiSaver.non_employed_current_KiwiSaver_balance_is_$140000()
  And Non-employedvoluntary contributes $10 Annually                     # steps.NonEmployedKiwiSaver.non_employedvoluntary_contributes_$10_Anually()
  And Non-employed chooses a balanced risk profile                       # steps.NonEmployedKiwiSaver.non_employed_chooses_a_balanced_risk_profile()
  And Non-employed saving goals requirement of $200000                   # steps.NonEmployedKiwiSaver.non_employed_saving_goals_requirement_of_$200000()
  When Non-employed user clicks on view Kiwisaver Retirement Projections # steps.NonEmployedKiwiSaver.non_employed_user_clicks_on_view_Kiwisaver_Retirement_Projections()
  Then Non-employed user can see projected Kiwisaver balance details     # steps.NonEmployedKiwiSaver.non_employed_user_can_see_projected_Kiwisaver_balance_details()
]]></system-out>
    <system-err><![CDATA[Starting ChromeDriver 86.0.4240.22 (398b0743353ff36fb1b82468f63a3a93b4e2e89e-refs/branch-heads/4240@{#378}) on port 30152
Only local connections are allowed.
Please see https://chromedriver.chromium.org/security-considerations for suggestions on keeping ChromeDriver safe.
ChromeDriver was started successfully.
Nov 01, 2020 7:34:20 PM org.openqa.selenium.remote.ProtocolHandshake createSession
INFO: Detected dialect: W3C
]]></system-err>
  </testcase>
  <testcase name="kiwiSaver Balance for Self employed users" classname="Calculate KiwiSaver projected balance" time="16.81">
    <system-out><![CDATA[
@major
Scenario: kiwiSaver Balance for Self employed users         # src/test/resources/features/SelfEmployedKS.feature:8
C:\Users\Esther\eclipse-workspace\KSWPCalculator
  Given user has navigated to KiwiSaver calculator page     # steps.SelfEmployedKiwiSaver.user_has_navigated_to_KiwiSaver_calculator_page()
  And current age of the user is 45 years                   # steps.SelfEmployedKiwiSaver.current_age_of_the_user_is_years()

Employed
Self-employed
  And Employment status of the user is Self-employed        # steps.SelfEmployedKiwiSaver.employment_status_of_the_user_is_Self_employed()
  And current KiwiSaver balance is $100000                  # steps.SelfEmployedKiwiSaver.current_KiwiSaver_balance_is_$100000()
  And voluntary contributes $90 fortnightly                 # steps.SelfEmployedKiwiSaver.voluntary_contributes_$90_fortnightly()
  And chooses a Conservative risk profile                   # steps.SelfEmployedKiwiSaver.chooses_a_Conservative_risk_profile()
  And saving goals requirement of $290000                   # steps.SelfEmployedKiwiSaver.saving_goals_requirement_of_$290000()
  When user clicks on view Kiwisaver Retirement Projections # steps.SelfEmployedKiwiSaver.user_clicks_on_view_Kiwisaver_Retirement_Projections()
  Then user can see projected Kiwisaver balance details     # steps.SelfEmployedKiwiSaver.user_can_see_projected_Kiwisaver_balance_details()
]]></system-out>
    <system-err><![CDATA[Starting ChromeDriver 86.0.4240.22 (398b0743353ff36fb1b82468f63a3a93b4e2e89e-refs/branch-heads/4240@{#378}) on port 19007
Only local connections are allowed.
Please see https://chromedriver.chromium.org/security-considerations for suggestions on keeping ChromeDriver safe.
ChromeDriver was started successfully.
Nov 01, 2020 7:34:38 PM org.openqa.selenium.remote.ProtocolHandshake createSession
INFO: Detected dialect: W3C
]]></system-err>
  </testcase>
</testsuite>